<?xml version="1.0" encoding="UTF-8"?>
<testsuite xmlns:xsi="http://www.w3.org/2001/XMLSchema-instance" xsi:noNamespaceSchemaLocation="https://maven.apache.org/surefire/maven-surefire-plugin/xsd/surefire-test-report-3.0.xsd" version="3.0" name="org.example.junit5.StepTest" time="0.22" tests="2" errors="0" skipped="0" failures="0">
  <properties>
    <property name="java.specification.version" value="21"/>
    <property name="sun.cpu.isalist" value="amd64"/>
    <property name="sun.jnu.encoding" value="Cp1252"/>
    <property name="java.class.path" value="C:\Users\cnk\Downloads\project\target\test-classes;C:\Users\cnk\Downloads\project\target\classes;c:\maven_repo\io\qameta\allure\allure-junit5\2.25.0\allure-junit5-2.25.0.jar;c:\maven_repo\io\qameta\allure\allure-junit-platform\2.25.0\allure-junit-platform-2.25.0.jar;c:\maven_repo\io\qameta\allure\allure-java-commons\2.25.0\allure-java-commons-2.25.0.jar;c:\maven_repo\io\qameta\allure\allure-model\2.25.0\allure-model-2.25.0.jar;c:\maven_repo\io\qameta\allure\allure-test-filter\2.25.0\allure-test-filter-2.25.0.jar;c:\maven_repo\org\junit\jupiter\junit-jupiter-api\5.10.1\junit-jupiter-api-5.10.1.jar;c:\maven_repo\org\opentest4j\opentest4j\1.3.0\opentest4j-1.3.0.jar;c:\maven_repo\org\junit\platform\junit-platform-commons\1.10.1\junit-platform-commons-1.10.1.jar;c:\maven_repo\org\apiguardian\apiguardian-api\1.1.2\apiguardian-api-1.1.2.jar;c:\maven_repo\org\junit\platform\junit-platform-launcher\1.10.1\junit-platform-launcher-1.10.1.jar;c:\maven_repo\org\junit\platform\junit-platform-engine\1.10.1\junit-platform-engine-1.10.1.jar;c:\maven_repo\org\slf4j\slf4j-simple\2.0.11\slf4j-simple-2.0.11.jar;c:\maven_repo\org\slf4j\slf4j-api\2.0.11\slf4j-api-2.0.11.jar;"/>
    <property name="java.vm.vendor" value="Oracle Corporation"/>
    <property name="sun.arch.data.model" value="64"/>
    <property name="user.variant" value=""/>
    <property name="java.vendor.url" value="https://java.oracle.com/"/>
    <property name="user.timezone" value="Europe/Oslo"/>
    <property name="os.name" value="Windows 10"/>
    <property name="java.vm.specification.version" value="21"/>
    <property name="sun.java.launcher" value="SUN_STANDARD"/>
    <property name="user.country" value="NO"/>
    <property name="sun.boot.library.path" value="C:\Program Files\Java\jdk-21\bin"/>
    <property name="sun.java.command" value="C:\Users\cnk\AppData\Local\Temp\surefire9135743403022051299\surefirebooter-20240306222014638_3.jar C:\Users\cnk\AppData\Local\Temp\surefire9135743403022051299 2024-03-06T22-20-13_961-jvmRun1 surefire-20240306222014638_1tmp surefire_0-20240306222014638_2tmp"/>
    <property name="jdk.debug" value="release"/>
    <property name="surefire.test.class.path" value="C:\Users\cnk\Downloads\project\target\test-classes;C:\Users\cnk\Downloads\project\target\classes;c:\maven_repo\io\qameta\allure\allure-junit5\2.25.0\allure-junit5-2.25.0.jar;c:\maven_repo\io\qameta\allure\allure-junit-platform\2.25.0\allure-junit-platform-2.25.0.jar;c:\maven_repo\io\qameta\allure\allure-java-commons\2.25.0\allure-java-commons-2.25.0.jar;c:\maven_repo\io\qameta\allure\allure-model\2.25.0\allure-model-2.25.0.jar;c:\maven_repo\io\qameta\allure\allure-test-filter\2.25.0\allure-test-filter-2.25.0.jar;c:\maven_repo\org\junit\jupiter\junit-jupiter-api\5.10.1\junit-jupiter-api-5.10.1.jar;c:\maven_repo\org\opentest4j\opentest4j\1.3.0\opentest4j-1.3.0.jar;c:\maven_repo\org\junit\platform\junit-platform-commons\1.10.1\junit-platform-commons-1.10.1.jar;c:\maven_repo\org\apiguardian\apiguardian-api\1.1.2\apiguardian-api-1.1.2.jar;c:\maven_repo\org\junit\platform\junit-platform-launcher\1.10.1\junit-platform-launcher-1.10.1.jar;c:\maven_repo\org\junit\platform\junit-platform-engine\1.10.1\junit-platform-engine-1.10.1.jar;c:\maven_repo\org\slf4j\slf4j-simple\2.0.11\slf4j-simple-2.0.11.jar;c:\maven_repo\org\slf4j\slf4j-api\2.0.11\slf4j-api-2.0.11.jar;"/>
    <property name="sun.cpu.endian" value="little"/>
    <property name="user.home" value="C:\Users\cnk"/>
    <property name="user.language" value="no"/>
    <property name="java.specification.vendor" value="Oracle Corporation"/>
    <property name="java.version.date" value="2023-10-17"/>
    <property name="java.home" value="C:\Program Files\Java\jdk-21"/>
    <property name="file.separator" value="\"/>
    <property name="basedir" value="C:\Users\cnk\Downloads\project"/>
    <property name="java.vm.compressedOopsMode" value="Zero based"/>
    <property name="line.separator" value="&#10;"/>
    <property name="java.vm.specification.vendor" value="Oracle Corporation"/>
    <property name="java.specification.name" value="Java Platform API Specification"/>
    <property name="surefire.real.class.path" value="C:\Users\cnk\AppData\Local\Temp\surefire9135743403022051299\surefirebooter-20240306222014638_3.jar"/>
    <property name="user.script" value=""/>
    <property name="sun.management.compiler" value="HotSpot 64-Bit Tiered Compilers"/>
    <property name="java.runtime.version" value="21.0.1+12-LTS-29"/>
    <property name="user.name" value="cnk"/>
    <property name="stdout.encoding" value="Cp1252"/>
    <property name="path.separator" value=";"/>
    <property name="os.version" value="10.0"/>
    <property name="java.runtime.name" value="Java(TM) SE Runtime Environment"/>
    <property name="file.encoding" value="UTF-8"/>
    <property name="java.vm.name" value="Java HotSpot(TM) 64-Bit Server VM"/>
    <property name="localRepository" value="c:\maven_repo"/>
    <property name="java.vendor.url.bug" value="https://bugreport.java.com/bugreport/"/>
    <property name="java.io.tmpdir" value="C:\Users\cnk\AppData\Local\Temp\"/>
    <property name="java.version" value="21.0.1"/>
    <property name="user.dir" value="C:\Users\cnk\Downloads\project"/>
    <property name="os.arch" value="amd64"/>
    <property name="java.vm.specification.name" value="Java Virtual Machine Specification"/>
    <property name="sun.os.patch.level" value=""/>
    <property name="native.encoding" value="Cp1252"/>
    <property name="java.library.path" value="C:\Program Files\Java\jdk-21\bin;C:\WINDOWS\Sun\Java\bin;C:\WINDOWS\system32;C:\WINDOWS;C:\Users\cnk\bin;C:\Program Files\Git\mingw64\bin;C:\Program Files\Git\usr\local\bin;C:\Program Files\Git\usr\bin;C:\Program Files\Git\usr\bin;C:\Program Files\Git\mingw64\bin;C:\Program Files\Git\usr\bin;C:\Users\cnk\bin;C:\Program Files\Common Files\Oracle\Java\javapath;C:\WINDOWS\system32;C:\WINDOWS;C:\WINDOWS\System32\Wbem;C:\WINDOWS\System32\WindowsPowerShell\v1.0;C:\WINDOWS\System32\OpenSSH;C:\Users\cnk\Dropbox\Adrik-jobb\Spk\adm\spk-config\app-config;C:\Program Files\Microsoft SQL Server\150\Tools\Binn;C:\Program Files\Microsoft SQL Server\Client SDK\ODBC\170\Tools\Binn;C:\Program Files\dotnet;C:\Program Files\Java\jdk-21\bin;C:\Program Files\nodejs;C:\Program Files\Git\cmd;C:\Users\cnk\AppData\Local\Programs\Python\Python311\Scripts;C:\Users\cnk\AppData\Local\Programs\Python\Python311;C:\Users\cnk\scoop\shims;C:\Users\cnk\AppData\Local\Microsoft\WindowsApps;C:\Users\cnk\AppData\Local\GitHubDesktop\bin;C:\Users\cnk\AppData\Local\Programs\Microsoft VS Code\bin;C:\apps\apache-maven-3.8.6\bin;C:\Users\cnk\Dropbox\Adrik-jobb\Spk\dev-tools\vdi-tools\bin;C:\Users\cnk\.dotnet\tools;C:\Users\cnk\AppData\Roaming\npm;C:\Users\cnk\AppData\Local\gitkraken\bin;C:\Users\cnk\AppData\Local\spicetify;C:\Users\cnk\.dotnet\tools;C:\Program Files\Java\jdk-21\bin;C:\Users\cnk\AppData\Local\JetBrains\Toolbox\scripts;C:\Program Files\Git\usr\bin\vendor_perl;C:\Program Files\Git\usr\bin\core_perl;."/>
    <property name="java.vm.info" value="mixed mode, sharing"/>
    <property name="stderr.encoding" value="Cp1252"/>
    <property name="java.vendor" value="Oracle Corporation"/>
    <property name="java.vm.version" value="21.0.1+12-LTS-29"/>
    <property name="sun.io.unicode.encoding" value="UnicodeLittle"/>
    <property name="java.class.version" value="65.0"/>
  </properties>
  <testcase name="lambdaStepTest" classname="org.example.junit5.StepTest" time="0.022"/>
  <testcase name="annotatedStepTest" classname="org.example.junit5.StepTest" time="0.018"/>
</testsuite>